2025-04-17 19:50:43 - INFO - Output will be saved to: C:\Users\sawye\Code\media_organizer\step4 - ListandRemoveOrphanedJSON\orphaned_json_files.txt
2025-04-17 19:50:43 - INFO - Scanning 0 .json files for orphaned entries...
2025-04-17 19:50:43 - INFO - Found 0 orphaned JSON files.
2025-04-17 19:50:43 - INFO - Wrote orphaned JSON list to 'C:\Users\sawye\Code\media_organizer\step4 - ListandRemoveOrphanedJSON\orphaned_json_files.txt'
2025-04-17 19:52:13 - INFO - Output will be saved to: C:\Users\sawye\Code\media_organizer\step4 - ListandRemoveOrphanedJSON\orphaned_json_files.txt
2025-04-17 19:52:13 - INFO - Scanning 0 .json files for orphaned entries...
2025-04-17 19:52:13 - INFO - Found 0 orphaned JSON files.
2025-04-17 19:52:13 - INFO - Wrote orphaned JSON list to 'C:\Users\sawye\Code\media_organizer\step4 - ListandRemoveOrphanedJSON\orphaned_json_files.txt'
2025-04-17 19:56:20 - INFO - Output will be saved to: C:\Users\sawye\Code\media_organizer\step4 - ListandRemoveOrphanedJSON\orphaned_json_files.txt
2025-04-17 19:56:20 - INFO - Scanning 0 .json files for orphaned entries...
2025-04-17 19:56:20 - INFO - Found 0 orphaned JSON files.
2025-04-17 19:56:20 - INFO - Wrote orphaned JSON list to 'C:\Users\sawye\Code\media_organizer\step4 - ListandRemoveOrphanedJSON\orphaned_json_files.txt'
2025-04-17 19:57:20 - INFO - Output will be saved to: C:\Users\sawye\Code\media_organizer\step4 - ListandRemoveOrphanedJSON\orphaned_json_files.txt
2025-04-17 19:57:20 - INFO - Scanning 0 .json files for orphaned entries...
2025-04-17 19:57:20 - INFO - Found 0 orphaned JSON files.
2025-04-17 19:57:20 - INFO - Wrote orphaned JSON list to 'C:\Users\sawye\Code\media_organizer\step4 - ListandRemoveOrphanedJSON\orphaned_json_files.txt'
2025-04-17 20:02:36 - INFO - Output will be saved to: C:\Users\sawye\Code\media_organizer\step4 - ListandRemoveOrphanedJSON\orphaned_json_files.txt
2025-04-17 20:02:36 - INFO - Scanning 0 .json files for orphaned entries...
2025-04-17 20:02:36 - INFO - Found 0 orphaned JSON files.
2025-04-17 20:02:36 - INFO - Wrote orphaned JSON list to 'C:\Users\sawye\Code\media_organizer\step4 - ListandRemoveOrphanedJSON\orphaned_json_files.txt'
2025-04-17 20:04:38 - INFO - Output will be saved to: C:\Users\sawye\Code\media_organizer\step4 - ListandRemoveOrphanedJSON\orphaned_json_files.txt
2025-04-17 20:04:38 - INFO - Scanning 0 .json files for orphaned entries...
2025-04-17 20:04:38 - INFO - Found 0 orphaned JSON files.
2025-04-17 20:04:38 - INFO - Wrote orphaned JSON list to 'C:\Users\sawye\Code\media_organizer\step4 - ListandRemoveOrphanedJSON\orphaned_json_files.txt'
2025-04-17 20:05:06 - INFO - Output will be saved to: C:\Users\sawye\Code\media_organizer\step4 - ListandRemoveOrphanedJSON\orphaned_json_files.txt
2025-04-17 20:05:06 - INFO - Scanning 0 .json files for orphaned entries...
2025-04-17 20:05:06 - INFO - Found 0 orphaned JSON files.
2025-04-17 20:05:06 - INFO - Wrote orphaned JSON list to 'C:\Users\sawye\Code\media_organizer\step4 - ListandRemoveOrphanedJSON\orphaned_json_files.txt'
2025-04-17 20:07:21 - INFO - Output will be saved to: C:\Users\sawye\Code\media_organizer\step4 - ListandRemoveOrphanedJSON\orphaned_json_files.txt
2025-04-17 20:07:21 - INFO - Scanning 0 .json files for orphaned entries...
2025-04-17 20:07:21 - INFO - Found 0 orphaned JSON files.
2025-04-17 20:07:21 - INFO - Wrote orphaned JSON list to 'C:\Users\sawye\Code\media_organizer\step4 - ListandRemoveOrphanedJSON\orphaned_json_files.txt'
2025-04-17 20:10:04 - INFO - Output will be saved to: C:\Users\sawye\Code\media_organizer\step4 - ListandRemoveOrphanedJSON\orphaned_json_files.txt
2025-04-17 20:10:04 - INFO - Scanning 0 .json files for orphaned entries...
2025-04-17 20:10:04 - INFO - Found 0 orphaned JSON files.
2025-04-17 20:10:04 - INFO - Wrote orphaned JSON list to 'C:\Users\sawye\Code\media_organizer\step4 - ListandRemoveOrphanedJSON\orphaned_json_files.txt'
2025-04-17 20:13:25 - INFO - Output will be saved to: C:\Users\sawye\Code\media_organizer\step4 - ListandRemoveOrphanedJSON\orphaned_json_files.txt
2025-04-17 20:13:25 - INFO - Scanning 0 .json files for orphaned entries...
2025-04-17 20:13:25 - INFO - Found 0 orphaned JSON files.
2025-04-17 20:13:25 - INFO - Wrote orphaned JSON list to 'C:\Users\sawye\Code\media_organizer\step4 - ListandRemoveOrphanedJSON\orphaned_json_files.txt'
2025-04-17 20:14:22 - INFO - Output will be saved to: C:\Users\sawye\Code\media_organizer\step4 - ListandRemoveOrphanedJSON\orphaned_json_files.txt
2025-04-17 20:14:22 - INFO - Scanning 0 .json files for orphaned entries...
2025-04-17 20:14:22 - INFO - Found 0 orphaned JSON files.
2025-04-17 20:14:22 - INFO - Wrote orphaned JSON list to 'C:\Users\sawye\Code\media_organizer\step4 - ListandRemoveOrphanedJSON\orphaned_json_files.txt'
2025-04-17 20:17:18 - INFO - Output will be saved to: C:\Users\sawye\Code\media_organizer\step4 - ListandRemoveOrphanedJSON\orphaned_json_files.txt
2025-04-17 20:17:18 - INFO - Scanning 0 .json files for orphaned entries...
2025-04-17 20:17:18 - INFO - Found 0 orphaned JSON files.
2025-04-17 20:17:18 - INFO - Wrote orphaned JSON list to 'C:\Users\sawye\Code\media_organizer\step4 - ListandRemoveOrphanedJSON\orphaned_json_files.txt'
2025-04-17 20:19:49 - INFO - Output will be saved to: C:\Users\sawye\Code\media_organizer\step4 - ListandRemoveOrphanedJSON\orphaned_json_files.txt
2025-04-17 20:19:49 - INFO - Scanning 0 .json files for orphaned entries...
2025-04-17 20:19:49 - INFO - Found 0 orphaned JSON files.
2025-04-17 20:19:49 - INFO - Wrote orphaned JSON list to 'C:\Users\sawye\Code\media_organizer\step4 - ListandRemoveOrphanedJSON\orphaned_json_files.txt'
2025-04-17 20:24:50 - INFO - Output will be saved to: C:\Users\sawye\Code\media_organizer\step4 - ListandRemoveOrphanedJSON\orphaned_json_files.txt
2025-04-17 20:24:50 - INFO - Scanning 0 .json files for orphaned entries...
2025-04-17 20:24:50 - INFO - Found 0 orphaned JSON files.
2025-04-17 20:24:50 - INFO - Wrote orphaned JSON list to 'C:\Users\sawye\Code\media_organizer\step4 - ListandRemoveOrphanedJSON\orphaned_json_files.txt'
2025-04-17 20:26:25 - INFO - Output will be saved to: C:\Users\sawye\Code\media_organizer\step4 - ListandRemoveOrphanedJSON\orphaned_json_files.txt
2025-04-17 20:26:25 - INFO - Scanning 0 .json files for orphaned entries...
2025-04-17 20:26:25 - INFO - Found 0 orphaned JSON files.
2025-04-17 20:26:25 - INFO - Wrote orphaned JSON list to 'C:\Users\sawye\Code\media_organizer\step4 - ListandRemoveOrphanedJSON\orphaned_json_files.txt'
2025-04-17 20:27:08 - INFO - Output will be saved to: C:\Users\sawye\Code\media_organizer\step4 - ListandRemoveOrphanedJSON\orphaned_json_files.txt
2025-04-17 20:27:08 - INFO - Scanning 0 .json files for orphaned entries...
2025-04-17 20:27:08 - INFO - Found 0 orphaned JSON files.
2025-04-17 20:27:08 - INFO - Wrote orphaned JSON list to 'C:\Users\sawye\Code\media_organizer\step4 - ListandRemoveOrphanedJSON\orphaned_json_files.txt'
2025-04-17 20:28:40 - INFO - Output will be saved to: C:\Users\sawye\Code\media_organizer\step4 - ListandRemoveOrphanedJSON\orphaned_json_files.txt
2025-04-17 20:28:40 - INFO - Scanning 0 .json files for orphaned entries...
2025-04-17 20:28:41 - INFO - Found 0 orphaned JSON files.
2025-04-17 20:28:41 - INFO - Wrote orphaned JSON list to 'C:\Users\sawye\Code\media_organizer\step4 - ListandRemoveOrphanedJSON\orphaned_json_files.txt'
2025-04-17 20:30:15 - INFO - Output will be saved to: C:\Users\sawye\Code\media_organizer\step4 - ListandRemoveOrphanedJSON\orphaned_json_files.txt
2025-04-17 20:30:15 - INFO - Scanning 0 .json files for orphaned entries...
2025-04-17 20:30:15 - INFO - Found 0 orphaned JSON files.
2025-04-17 20:30:15 - INFO - Wrote orphaned JSON list to 'C:\Users\sawye\Code\media_organizer\step4 - ListandRemoveOrphanedJSON\orphaned_json_files.txt'
2025-04-17 20:31:48 - INFO - Output will be saved to: C:\Users\sawye\Code\media_organizer\step4 - ListandRemoveOrphanedJSON\orphaned_json_files.txt
2025-04-17 20:31:48 - INFO - Scanning 0 .json files for orphaned entries...
2025-04-17 20:31:48 - INFO - Found 0 orphaned JSON files.
2025-04-17 20:31:48 - INFO - Wrote orphaned JSON list to 'C:\Users\sawye\Code\media_organizer\step4 - ListandRemoveOrphanedJSON\orphaned_json_files.txt'
2025-04-17 20:36:03 - INFO - Output will be saved to: C:\Users\sawye\Code\media_organizer\step4 - ListandRemoveOrphanedJSON\orphaned_json_files.txt
2025-04-17 20:36:03 - INFO - Scanning 0 .json files for orphaned entries...
2025-04-17 20:36:03 - INFO - Found 0 orphaned JSON files.
2025-04-17 20:36:04 - INFO - Wrote orphaned JSON list to 'C:\Users\sawye\Code\media_organizer\step4 - ListandRemoveOrphanedJSON\orphaned_json_files.txt'
2025-04-17 20:37:26 - INFO - Output will be saved to: C:\Users\sawye\Code\media_organizer\step4 - ListandRemoveOrphanedJSON\orphaned_json_files.txt
2025-04-17 20:37:26 - INFO - Scanning 0 .json files for orphaned entries...
2025-04-17 20:37:26 - INFO - Found 0 orphaned JSON files.
2025-04-17 20:37:26 - INFO - Wrote orphaned JSON list to 'C:\Users\sawye\Code\media_organizer\step4 - ListandRemoveOrphanedJSON\orphaned_json_files.txt'
2025-04-17 20:39:03 - INFO - Output will be saved to: C:\Users\sawye\Code\media_organizer\step4 - ListandRemoveOrphanedJSON\orphaned_json_files.txt
2025-04-17 20:39:03 - INFO - Scanning 0 .json files for orphaned entries...
2025-04-17 20:39:03 - INFO - Found 0 orphaned JSON files.
2025-04-17 20:39:03 - INFO - Wrote orphaned JSON list to 'C:\Users\sawye\Code\media_organizer\step4 - ListandRemoveOrphanedJSON\orphaned_json_files.txt'
2025-04-17 20:40:15 - INFO - Output will be saved to: C:\Users\sawye\Code\media_organizer\step4 - ListandRemoveOrphanedJSON\orphaned_json_files.txt
2025-04-17 20:40:15 - INFO - Scanning 0 .json files for orphaned entries...
2025-04-17 20:40:15 - INFO - Found 0 orphaned JSON files.
2025-04-17 20:40:15 - INFO - Wrote orphaned JSON list to 'C:\Users\sawye\Code\media_organizer\step4 - ListandRemoveOrphanedJSON\orphaned_json_files.txt'
2025-04-17 20:45:57 - INFO - Output will be saved to: C:\Users\sawye\Code\media_organizer\step4 - ListandRemoveOrphanedJSON\orphaned_json_files.txt
2025-04-17 20:45:57 - INFO - Scanning 0 .json files for orphaned entries...
2025-04-17 20:45:57 - INFO - Found 0 orphaned JSON files.
2025-04-17 20:45:58 - INFO - Wrote orphaned JSON list to 'C:\Users\sawye\Code\media_organizer\step4 - ListandRemoveOrphanedJSON\orphaned_json_files.txt'
2025-04-17 20:49:20 - INFO - Output will be saved to: C:\Users\sawye\Code\media_organizer\step4 - ListandRemoveOrphanedJSON\orphaned_json_files.txt
2025-04-17 20:49:20 - INFO - Scanning 0 .json files for orphaned entries...
2025-04-17 20:49:20 - INFO - Found 0 orphaned JSON files.
2025-04-17 20:49:20 - INFO - Wrote orphaned JSON list to 'C:\Users\sawye\Code\media_organizer\step4 - ListandRemoveOrphanedJSON\orphaned_json_files.txt'
2025-04-17 20:51:31 - INFO - Output will be saved to: C:\Users\sawye\Code\media_organizer\step4 - ListandRemoveOrphanedJSON\orphaned_json_files.txt
2025-04-17 20:51:31 - INFO - Scanning 0 .json files for orphaned entries...
2025-04-17 20:51:31 - INFO - Found 0 orphaned JSON files.
2025-04-17 20:51:31 - INFO - Wrote orphaned JSON list to 'C:\Users\sawye\Code\media_organizer\step4 - ListandRemoveOrphanedJSON\orphaned_json_files.txt'
2025-04-17 21:03:58 - INFO - Output will be saved to: C:\Users\sawye\Code\media_organizer\step4 - ListandRemoveOrphanedJSON\orphaned_json_files.txt
2025-04-17 21:03:58 - INFO - Scanning 0 .json files for orphaned entries...
2025-04-17 21:03:58 - INFO - Found 0 orphaned JSON files.
2025-04-17 21:03:58 - INFO - Wrote orphaned JSON list to 'C:\Users\sawye\Code\media_organizer\step4 - ListandRemoveOrphanedJSON\orphaned_json_files.txt'
2025-04-17 21:21:12 - INFO - Output will be saved to: C:\Users\sawye\Code\media_organizer\step4 - ListandRemoveOrphanedJSON\orphaned_json_files.txt
2025-04-17 21:21:12 - INFO - Scanning 0 .json files for orphaned entries...
2025-04-17 21:21:12 - INFO - Found 0 orphaned JSON files.
2025-04-17 21:21:13 - INFO - Wrote orphaned JSON list to 'C:\Users\sawye\Code\media_organizer\step4 - ListandRemoveOrphanedJSON\orphaned_json_files.txt'
2025-04-17 21:32:35 - INFO - Output will be saved to: C:\Users\sawye\Code\media_organizer\step4 - ListandRemoveOrphanedJSON\orphaned_json_files.txt
2025-04-17 21:32:35 - INFO - Scanning 0 .json files for orphaned entries...
2025-04-17 21:32:35 - INFO - Found 0 orphaned JSON files.
2025-04-17 21:32:35 - INFO - Wrote orphaned JSON list to 'C:\Users\sawye\Code\media_organizer\step4 - ListandRemoveOrphanedJSON\orphaned_json_files.txt'
2025-04-17 21:35:20 - INFO - Output will be saved to: C:\Users\sawye\Code\media_organizer\step4 - ListandRemoveOrphanedJSON\orphaned_json_files.txt
2025-04-17 21:35:20 - INFO - Scanning 0 .json files for orphaned entries...
2025-04-17 21:35:20 - INFO - Found 0 orphaned JSON files.
2025-04-17 21:35:20 - INFO - Wrote orphaned JSON list to 'C:\Users\sawye\Code\media_organizer\step4 - ListandRemoveOrphanedJSON\orphaned_json_files.txt'
2025-04-17 21:40:41 - INFO - Output will be saved to: C:\Users\sawye\Code\media_organizer\step4 - ListandRemoveOrphanedJSON\orphaned_json_files.txt
2025-04-17 21:40:41 - INFO - Scanning 0 .json files for orphaned entries...
2025-04-17 21:40:41 - INFO - Found 0 orphaned JSON files.
2025-04-17 21:40:41 - INFO - Wrote orphaned JSON list to 'C:\Users\sawye\Code\media_organizer\step4 - ListandRemoveOrphanedJSON\orphaned_json_files.txt'
2025-04-17 21:41:22 - INFO - Output will be saved to: C:\Users\sawye\Code\media_organizer\step4 - ListandRemoveOrphanedJSON\orphaned_json_files.txt
2025-04-17 21:41:22 - INFO - Scanning 0 .json files for orphaned entries...
2025-04-17 21:41:22 - INFO - Found 0 orphaned JSON files.
2025-04-17 21:41:23 - INFO - Wrote orphaned JSON list to 'C:\Users\sawye\Code\media_organizer\step4 - ListandRemoveOrphanedJSON\orphaned_json_files.txt'
2025-04-18 07:31:45 - INFO - Output will be saved to: C:\Users\sawye\Code\media_organizer\step4 - ListandRemoveOrphanedJSON\orphaned_json_files.txt
2025-04-18 07:31:45 - INFO - Scanning 0 .json files for orphaned entries...
2025-04-18 07:31:45 - INFO - Found 0 orphaned JSON files.
2025-04-18 07:31:45 - INFO - Wrote orphaned JSON list to 'C:\Users\sawye\Code\media_organizer\step4 - ListandRemoveOrphanedJSON\orphaned_json_files.txt'
2025-04-18 08:47:44 - INFO - Output will be saved to: C:\Users\sawye\Code\media_organizer\step4 - ListandRemoveOrphanedJSON\orphaned_json_files.txt
2025-04-18 08:47:44 - INFO - Scanning 0 .json files for orphaned entries...
2025-04-18 08:47:44 - INFO - Found 0 orphaned JSON files.
2025-04-18 08:47:44 - INFO - Wrote orphaned JSON list to 'C:\Users\sawye\Code\media_organizer\step4 - ListandRemoveOrphanedJSON\orphaned_json_files.txt'
2025-04-18 08:48:43 - INFO - Output will be saved to: C:\Users\sawye\Code\media_organizer\step4 - ListandRemoveOrphanedJSON\orphaned_json_files.txt
2025-04-18 08:48:43 - INFO - Scanning 0 .json files for orphaned entries...
2025-04-18 08:48:44 - INFO - Found 0 orphaned JSON files.
2025-04-18 08:48:44 - INFO - Wrote orphaned JSON list to 'C:\Users\sawye\Code\media_organizer\step4 - ListandRemoveOrphanedJSON\orphaned_json_files.txt'
2025-04-18 08:50:24 - INFO - Output will be saved to: C:\Users\sawye\Code\media_organizer\step4 - ListandRemoveOrphanedJSON\orphaned_json_files.txt
2025-04-18 08:50:24 - INFO - Scanning 0 .json files for orphaned entries...
2025-04-18 08:50:24 - INFO - Found 0 orphaned JSON files.
2025-04-18 08:50:24 - INFO - Wrote orphaned JSON list to 'C:\Users\sawye\Code\media_organizer\step4 - ListandRemoveOrphanedJSON\orphaned_json_files.txt'
2025-04-18 08:50:53 - INFO - Output will be saved to: C:\Users\sawye\Code\media_organizer\step4 - ListandRemoveOrphanedJSON\orphaned_json_files.txt
2025-04-18 08:50:53 - INFO - Scanning 0 .json files for orphaned entries...
2025-04-18 08:50:53 - INFO - Found 0 orphaned JSON files.
2025-04-18 08:50:53 - INFO - Wrote orphaned JSON list to 'C:\Users\sawye\Code\media_organizer\step4 - ListandRemoveOrphanedJSON\orphaned_json_files.txt'
2025-04-18 08:52:42 - INFO - Output will be saved to: C:\Users\sawye\Code\media_organizer\step4 - ListandRemoveOrphanedJSON\orphaned_json_files.txt
2025-04-18 08:52:42 - INFO - Scanning 0 .json files for orphaned entries...
2025-04-18 08:52:42 - INFO - Found 0 orphaned JSON files.
2025-04-18 08:52:42 - INFO - Wrote orphaned JSON list to 'C:\Users\sawye\Code\media_organizer\step4 - ListandRemoveOrphanedJSON\orphaned_json_files.txt'
2025-04-18 09:00:58 - INFO - Output will be saved to: C:\Users\sawye\Code\media_organizer\step4 - ListandRemoveOrphanedJSON\orphaned_json_files.txt
2025-04-18 09:00:58 - INFO - Scanning 0 .json files for orphaned entries...
2025-04-18 09:00:58 - INFO - Found 0 orphaned JSON files.
2025-04-18 09:00:58 - INFO - Wrote orphaned JSON list to 'C:\Users\sawye\Code\media_organizer\step4 - ListandRemoveOrphanedJSON\orphaned_json_files.txt'
2025-04-18 09:12:48 - INFO - Output will be saved to: C:\Users\sawye\Code\media_organizer\step4 - ListandRemoveOrphanedJSON\orphaned_json_files.txt
2025-04-18 09:12:48 - INFO - Scanning 0 .json files for orphaned entries...
2025-04-18 09:12:48 - INFO - Found 0 orphaned JSON files.
2025-04-18 09:12:48 - INFO - Wrote orphaned JSON list to 'C:\Users\sawye\Code\media_organizer\step4 - ListandRemoveOrphanedJSON\orphaned_json_files.txt'
2025-04-18 09:18:01 - INFO - Output will be saved to: C:\Users\sawye\Code\media_organizer\step4 - ListandRemoveOrphanedJSON\orphaned_json_files.txt
2025-04-18 09:18:01 - INFO - Scanning 0 .json files for orphaned entries...
2025-04-18 09:18:01 - INFO - Found 0 orphaned JSON files.
2025-04-18 09:18:01 - INFO - Wrote orphaned JSON list to 'C:\Users\sawye\Code\media_organizer\step4 - ListandRemoveOrphanedJSON\orphaned_json_files.txt'
2025-04-18 09:19:13 - INFO - Output will be saved to: C:\Users\sawye\Code\media_organizer\step4 - ListandRemoveOrphanedJSON\orphaned_json_files.txt
2025-04-18 09:19:13 - INFO - Scanning 0 .json files for orphaned entries...
2025-04-18 09:19:13 - INFO - Found 0 orphaned JSON files.
2025-04-18 09:19:13 - INFO - Wrote orphaned JSON list to 'C:\Users\sawye\Code\media_organizer\step4 - ListandRemoveOrphanedJSON\orphaned_json_files.txt'
2025-04-18 09:20:30 - INFO - Output will be saved to: C:\Users\sawye\Code\media_organizer\step4 - ListandRemoveOrphanedJSON\orphaned_json_files.txt
2025-04-18 09:20:30 - INFO - Scanning 0 .json files for orphaned entries...
2025-04-18 09:20:30 - INFO - Found 0 orphaned JSON files.
2025-04-18 09:20:30 - INFO - Wrote orphaned JSON list to 'C:\Users\sawye\Code\media_organizer\step4 - ListandRemoveOrphanedJSON\orphaned_json_files.txt'
2025-04-18 09:22:59 - INFO - Output will be saved to: C:\Users\sawye\Code\media_organizer\step4 - ListandRemoveOrphanedJSON\orphaned_json_files.txt
2025-04-18 09:23:00 - INFO - Scanning 0 .json files for orphaned entries...
2025-04-18 09:23:00 - INFO - Found 0 orphaned JSON files.
2025-04-18 09:23:00 - INFO - Wrote orphaned JSON list to 'C:\Users\sawye\Code\media_organizer\step4 - ListandRemoveOrphanedJSON\orphaned_json_files.txt'
2025-04-18 09:23:30 - INFO - Output will be saved to: C:\Users\sawye\Code\media_organizer\step4 - ListandRemoveOrphanedJSON\orphaned_json_files.txt
2025-04-18 09:23:30 - INFO - Scanning 0 .json files for orphaned entries...
2025-04-18 09:23:30 - INFO - Found 0 orphaned JSON files.
2025-04-18 09:23:30 - INFO - Wrote orphaned JSON list to 'C:\Users\sawye\Code\media_organizer\step4 - ListandRemoveOrphanedJSON\orphaned_json_files.txt'
2025-04-18 09:26:58 - INFO - Output will be saved to: C:\Users\sawye\Code\media_organizer\step4 - ListandRemoveOrphanedJSON\orphaned_json_files.txt
2025-04-18 09:26:58 - INFO - Scanning 0 .json files for orphaned entries...
2025-04-18 09:26:58 - INFO - Found 0 orphaned JSON files.
2025-04-18 09:26:58 - INFO - Wrote orphaned JSON list to 'C:\Users\sawye\Code\media_organizer\step4 - ListandRemoveOrphanedJSON\orphaned_json_files.txt'
2025-04-18 09:27:38 - INFO - Output will be saved to: C:\Users\sawye\Code\media_organizer\step4 - ListandRemoveOrphanedJSON\orphaned_json_files.txt
2025-04-18 09:27:38 - INFO - Scanning 0 .json files for orphaned entries...
2025-04-18 09:27:38 - INFO - Found 0 orphaned JSON files.
2025-04-18 09:27:38 - INFO - Wrote orphaned JSON list to 'C:\Users\sawye\Code\media_organizer\step4 - ListandRemoveOrphanedJSON\orphaned_json_files.txt'
2025-04-18 09:32:48 - INFO - Output will be saved to: C:\Users\sawye\Code\media_organizer\step4 - ListandRemoveOrphanedJSON\orphaned_json_files.txt
2025-04-18 09:32:48 - INFO - Scanning 0 .json files for orphaned entries...
2025-04-18 09:32:48 - INFO - Found 0 orphaned JSON files.
2025-04-18 09:32:49 - INFO - Wrote orphaned JSON list to 'C:\Users\sawye\Code\media_organizer\step4 - ListandRemoveOrphanedJSON\orphaned_json_files.txt'
2025-04-18 09:37:26 - INFO - Output will be saved to: C:\Users\sawye\Code\media_organizer\step4 - ListandRemoveOrphanedJSON\orphaned_json_files.txt
2025-04-18 09:37:26 - INFO - Scanning 0 .json files for orphaned entries...
2025-04-18 09:37:26 - INFO - Found 0 orphaned JSON files.
2025-04-18 09:37:26 - INFO - Wrote orphaned JSON list to 'C:\Users\sawye\Code\media_organizer\step4 - ListandRemoveOrphanedJSON\orphaned_json_files.txt'
2025-04-18 09:40:13 - INFO - Output will be saved to: C:\Users\sawye\Code\media_organizer\step4 - ListandRemoveOrphanedJSON\orphaned_json_files.txt
2025-04-18 09:40:13 - INFO - Scanning 0 .json files for orphaned entries...
2025-04-18 09:40:13 - INFO - Found 0 orphaned JSON files.
2025-04-18 09:40:13 - INFO - Wrote orphaned JSON list to 'C:\Users\sawye\Code\media_organizer\step4 - ListandRemoveOrphanedJSON\orphaned_json_files.txt'
2025-04-18 09:44:58 - INFO - Output will be saved to: C:\Users\sawye\Code\media_organizer\step4 - ListandRemoveOrphanedJSON\orphaned_json_files.txt
2025-04-18 09:44:58 - INFO - Scanning 0 .json files for orphaned entries...
2025-04-18 09:44:58 - INFO - Found 0 orphaned JSON files.
2025-04-18 09:44:58 - INFO - Wrote orphaned JSON list to 'C:\Users\sawye\Code\media_organizer\step4 - ListandRemoveOrphanedJSON\orphaned_json_files.txt'
2025-04-18 09:45:34 - INFO - Output will be saved to: C:\Users\sawye\Code\media_organizer\step4 - ListandRemoveOrphanedJSON\orphaned_json_files.txt
2025-04-18 09:45:34 - INFO - Scanning 0 .json files for orphaned entries...
2025-04-18 09:45:34 - INFO - Found 0 orphaned JSON files.
2025-04-18 09:45:34 - INFO - Wrote orphaned JSON list to 'C:\Users\sawye\Code\media_organizer\step4 - ListandRemoveOrphanedJSON\orphaned_json_files.txt'
2025-04-18 09:48:29 - INFO - Output will be saved to: C:\Users\sawye\Code\media_organizer\step4 - ListandRemoveOrphanedJSON\orphaned_json_files.txt
2025-04-18 09:48:29 - INFO - Scanning 0 .json files for orphaned entries...
2025-04-18 09:48:29 - INFO - Found 0 orphaned JSON files.
2025-04-18 09:48:29 - INFO - Wrote orphaned JSON list to 'C:\Users\sawye\Code\media_organizer\step4 - ListandRemoveOrphanedJSON\orphaned_json_files.txt'
2025-04-18 09:50:45 - INFO - Output will be saved to: C:\Users\sawye\Code\media_organizer\step4 - ListandRemoveOrphanedJSON\orphaned_json_files.txt
2025-04-18 09:50:45 - INFO - Scanning 0 .json files for orphaned entries...
2025-04-18 09:50:45 - INFO - Found 0 orphaned JSON files.
2025-04-18 09:50:45 - INFO - Wrote orphaned JSON list to 'C:\Users\sawye\Code\media_organizer\step4 - ListandRemoveOrphanedJSON\orphaned_json_files.txt'
2025-04-18 09:58:54 - INFO - Output will be saved to: C:\Users\sawye\Code\media_organizer\step4 - ListandRemoveOrphanedJSON\orphaned_json_files.txt
2025-04-18 09:58:54 - INFO - Scanning 0 .json files for orphaned entries...
2025-04-18 09:58:54 - INFO - Found 0 orphaned JSON files.
2025-04-18 09:58:54 - INFO - Wrote orphaned JSON list to 'C:\Users\sawye\Code\media_organizer\step4 - ListandRemoveOrphanedJSON\orphaned_json_files.txt'
2025-04-18 10:01:55 - INFO - Output will be saved to: C:\Users\sawye\Code\media_organizer\step4 - ListandRemoveOrphanedJSON\orphaned_json_files.txt
2025-04-18 10:01:55 - INFO - Scanning 0 .json files for orphaned entries...
2025-04-18 10:01:55 - INFO - Found 0 orphaned JSON files.
2025-04-18 10:01:55 - INFO - Wrote orphaned JSON list to 'C:\Users\sawye\Code\media_organizer\step4 - ListandRemoveOrphanedJSON\orphaned_json_files.txt'
2025-04-20 20:44:15 - INFO - Output will be saved to: C:\Users\sawye\Code\media_organizer\step4 - ListandRemoveOrphanedJSON\orphaned_json_files.txt
2025-04-20 20:44:15 - INFO - Scanning 0 .json files for orphaned entries...
2025-04-20 20:44:15 - INFO - Found 0 orphaned JSON files.
2025-04-20 20:44:15 - INFO - Wrote orphaned JSON list to 'C:\Users\sawye\Code\media_organizer\step4 - ListandRemoveOrphanedJSON\orphaned_json_files.txt'
2025-04-20 20:48:21 - INFO - Output will be saved to: C:\Users\sawye\Code\media_organizer\step4 - ListandRemoveOrphanedJSON\orphaned_json_files.txt
2025-04-20 20:48:22 - INFO - Scanning 0 .json files for orphaned entries...
2025-04-20 20:48:22 - INFO - Found 0 orphaned JSON files.
2025-04-20 20:48:22 - INFO - Wrote orphaned JSON list to 'C:\Users\sawye\Code\media_organizer\step4 - ListandRemoveOrphanedJSON\orphaned_json_files.txt'
2025-04-20 20:53:31 - INFO - Output will be saved to: C:\Users\sawye\Code\media_organizer\step4 - ListandRemoveOrphanedJSON\orphaned_json_files.txt
2025-04-20 20:53:31 - INFO - Scanning 0 .json files for orphaned entries...
2025-04-20 20:53:31 - INFO - Found 0 orphaned JSON files.
2025-04-20 20:53:31 - INFO - Wrote orphaned JSON list to 'C:\Users\sawye\Code\media_organizer\step4 - ListandRemoveOrphanedJSON\orphaned_json_files.txt'
2025-04-20 20:55:40 - INFO - Output will be saved to: C:\Users\sawye\Code\media_organizer\step4 - ListandRemoveOrphanedJSON\orphaned_json_files.txt
2025-04-20 20:55:40 - INFO - Scanning 0 .json files for orphaned entries...
2025-04-20 20:55:40 - INFO - Found 0 orphaned JSON files.
2025-04-20 20:55:40 - INFO - Wrote orphaned JSON list to 'C:\Users\sawye\Code\media_organizer\step4 - ListandRemoveOrphanedJSON\orphaned_json_files.txt'
2025-04-20 20:56:37 - INFO - Output will be saved to: C:\Users\sawye\Code\media_organizer\step4 - ListandRemoveOrphanedJSON\orphaned_json_files.txt
2025-04-20 20:56:37 - INFO - Scanning 0 .json files for orphaned entries...
2025-04-20 20:56:37 - INFO - Found 0 orphaned JSON files.
2025-04-20 20:56:37 - INFO - Wrote orphaned JSON list to 'C:\Users\sawye\Code\media_organizer\step4 - ListandRemoveOrphanedJSON\orphaned_json_files.txt'
2025-04-20 20:57:53 - INFO - Output will be saved to: C:\Users\sawye\Code\media_organizer\step4 - ListandRemoveOrphanedJSON\orphaned_json_files.txt
2025-04-20 20:57:54 - INFO - Scanning 0 .json files for orphaned entries...
2025-04-20 20:57:54 - INFO - Found 0 orphaned JSON files.
2025-04-20 20:57:54 - INFO - Wrote orphaned JSON list to 'C:\Users\sawye\Code\media_organizer\step4 - ListandRemoveOrphanedJSON\orphaned_json_files.txt'
2025-04-20 20:58:41 - INFO - Output will be saved to: C:\Users\sawye\Code\media_organizer\step4 - ListandRemoveOrphanedJSON\orphaned_json_files.txt
2025-04-20 20:58:41 - INFO - Scanning 0 .json files for orphaned entries...
2025-04-20 20:58:41 - INFO - Found 0 orphaned JSON files.
2025-04-20 20:58:41 - INFO - Wrote orphaned JSON list to 'C:\Users\sawye\Code\media_organizer\step4 - ListandRemoveOrphanedJSON\orphaned_json_files.txt'
2025-04-20 20:59:38 - INFO - Output will be saved to: C:\Users\sawye\Code\media_organizer\step4 - ListandRemoveOrphanedJSON\orphaned_json_files.txt
2025-04-20 20:59:38 - INFO - Scanning 0 .json files for orphaned entries...
2025-04-20 20:59:38 - INFO - Found 0 orphaned JSON files.
2025-04-20 20:59:38 - INFO - Wrote orphaned JSON list to 'C:\Users\sawye\Code\media_organizer\step4 - ListandRemoveOrphanedJSON\orphaned_json_files.txt'
2025-04-20 21:00:19 - INFO - Output will be saved to: C:\Users\sawye\Code\media_organizer\step4 - ListandRemoveOrphanedJSON\orphaned_json_files.txt
2025-04-20 21:00:19 - INFO - Scanning 0 .json files for orphaned entries...
2025-04-20 21:00:19 - INFO - Found 0 orphaned JSON files.
2025-04-20 21:00:19 - INFO - Wrote orphaned JSON list to 'C:\Users\sawye\Code\media_organizer\step4 - ListandRemoveOrphanedJSON\orphaned_json_files.txt'
2025-04-20 21:01:02 - INFO - Output will be saved to: C:\Users\sawye\Code\media_organizer\step4 - ListandRemoveOrphanedJSON\orphaned_json_files.txt
2025-04-20 21:01:02 - INFO - Scanning 0 .json files for orphaned entries...
2025-04-20 21:01:02 - INFO - Found 0 orphaned JSON files.
2025-04-20 21:01:02 - INFO - Wrote orphaned JSON list to 'C:\Users\sawye\Code\media_organizer\step4 - ListandRemoveOrphanedJSON\orphaned_json_files.txt'
2025-04-20 21:02:42 - INFO - Output will be saved to: C:\Users\sawye\Code\media_organizer\step4 - ListandRemoveOrphanedJSON\orphaned_json_files.txt
2025-04-20 21:02:42 - INFO - Scanning 0 .json files for orphaned entries...
2025-04-20 21:02:42 - INFO - Found 0 orphaned JSON files.
2025-04-20 21:02:42 - INFO - Wrote orphaned JSON list to 'C:\Users\sawye\Code\media_organizer\step4 - ListandRemoveOrphanedJSON\orphaned_json_files.txt'
2025-04-20 21:03:48 - INFO - Output will be saved to: C:\Users\sawye\Code\media_organizer\step4 - ListandRemoveOrphanedJSON\orphaned_json_files.txt
2025-04-20 21:03:48 - INFO - Scanning 0 .json files for orphaned entries...
2025-04-20 21:03:48 - INFO - Found 0 orphaned JSON files.
2025-04-20 21:03:48 - INFO - Wrote orphaned JSON list to 'C:\Users\sawye\Code\media_organizer\step4 - ListandRemoveOrphanedJSON\orphaned_json_files.txt'
2025-04-20 21:04:57 - INFO - Output will be saved to: C:\Users\sawye\Code\media_organizer\step4 - ListandRemoveOrphanedJSON\orphaned_json_files.txt
2025-04-20 21:04:57 - INFO - Scanning 0 .json files for orphaned entries...
2025-04-20 21:04:57 - INFO - Found 0 orphaned JSON files.
2025-04-20 21:04:57 - INFO - Wrote orphaned JSON list to 'C:\Users\sawye\Code\media_organizer\step4 - ListandRemoveOrphanedJSON\orphaned_json_files.txt'
2025-04-20 21:06:08 - INFO - Output will be saved to: C:\Users\sawye\Code\media_organizer\step4 - ListandRemoveOrphanedJSON\orphaned_json_files.txt
2025-04-20 21:06:08 - INFO - Scanning 0 .json files for orphaned entries...
2025-04-20 21:06:08 - INFO - Found 0 orphaned JSON files.
2025-04-20 21:06:08 - INFO - Wrote orphaned JSON list to 'C:\Users\sawye\Code\media_organizer\step4 - ListandRemoveOrphanedJSON\orphaned_json_files.txt'
2025-04-20 21:07:48 - INFO - Output will be saved to: C:\Users\sawye\Code\media_organizer\step4 - ListandRemoveOrphanedJSON\orphaned_json_files.txt
2025-04-20 21:07:48 - INFO - Scanning 0 .json files for orphaned entries...
2025-04-20 21:07:48 - INFO - Found 0 orphaned JSON files.
2025-04-20 21:07:48 - INFO - Wrote orphaned JSON list to 'C:\Users\sawye\Code\media_organizer\step4 - ListandRemoveOrphanedJSON\orphaned_json_files.txt'
2025-04-20 21:08:04 - INFO - Output will be saved to: C:\Users\sawye\Code\media_organizer\step4 - ListandRemoveOrphanedJSON\orphaned_json_files.txt
2025-04-20 21:08:04 - INFO - Scanning 0 .json files for orphaned entries...
2025-04-20 21:08:04 - INFO - Found 0 orphaned JSON files.
2025-04-20 21:08:04 - INFO - Wrote orphaned JSON list to 'C:\Users\sawye\Code\media_organizer\step4 - ListandRemoveOrphanedJSON\orphaned_json_files.txt'
2025-04-20 21:10:37 - INFO - Output will be saved to: C:\Users\sawye\Code\media_organizer\step4 - ListandRemoveOrphanedJSON\orphaned_json_files.txt
2025-04-20 21:10:37 - INFO - Scanning 0 .json files for orphaned entries...
2025-04-20 21:10:37 - INFO - Found 0 orphaned JSON files.
2025-04-20 21:10:37 - INFO - Wrote orphaned JSON list to 'C:\Users\sawye\Code\media_organizer\step4 - ListandRemoveOrphanedJSON\orphaned_json_files.txt'
2025-04-20 21:12:38 - INFO - Output will be saved to: C:\Users\sawye\Code\media_organizer\step4 - ListandRemoveOrphanedJSON\orphaned_json_files.txt
2025-04-20 21:12:38 - INFO - Scanning 0 .json files for orphaned entries...
2025-04-20 21:12:38 - INFO - Found 0 orphaned JSON files.
2025-04-20 21:12:38 - INFO - Wrote orphaned JSON list to 'C:\Users\sawye\Code\media_organizer\step4 - ListandRemoveOrphanedJSON\orphaned_json_files.txt'
2025-04-20 21:13:47 - INFO - Output will be saved to: C:\Users\sawye\Code\media_organizer\step4 - ListandRemoveOrphanedJSON\orphaned_json_files.txt
2025-04-20 21:13:47 - INFO - Scanning 0 .json files for orphaned entries...
2025-04-20 21:13:47 - INFO - Found 0 orphaned JSON files.
2025-04-20 21:13:47 - INFO - Wrote orphaned JSON list to 'C:\Users\sawye\Code\media_organizer\step4 - ListandRemoveOrphanedJSON\orphaned_json_files.txt'
2025-04-20 21:20:05 - INFO - Output will be saved to: C:\Users\sawye\Code\media_organizer\step4 - ListandRemoveOrphanedJSON\orphaned_json_files.txt
2025-04-20 21:20:05 - INFO - Scanning 0 .json files for orphaned entries...
2025-04-20 21:20:05 - INFO - Found 0 orphaned JSON files.
2025-04-20 21:20:05 - INFO - Wrote orphaned JSON list to 'C:\Users\sawye\Code\media_organizer\step4 - ListandRemoveOrphanedJSON\orphaned_json_files.txt'
2025-04-20 21:21:17 - INFO - Output will be saved to: C:\Users\sawye\Code\media_organizer\step4 - ListandRemoveOrphanedJSON\orphaned_json_files.txt
2025-04-20 21:21:17 - INFO - Scanning 0 .json files for orphaned entries...
2025-04-20 21:21:17 - INFO - Found 0 orphaned JSON files.
2025-04-20 21:21:17 - INFO - Wrote orphaned JSON list to 'C:\Users\sawye\Code\media_organizer\step4 - ListandRemoveOrphanedJSON\orphaned_json_files.txt'
2025-04-20 21:23:06 - INFO - Output will be saved to: C:\Users\sawye\Code\media_organizer\step4 - ListandRemoveOrphanedJSON\orphaned_json_files.txt
2025-04-20 21:23:06 - INFO - Scanning 0 .json files for orphaned entries...
2025-04-20 21:23:06 - INFO - Found 0 orphaned JSON files.
2025-04-20 21:23:06 - INFO - Wrote orphaned JSON list to 'C:\Users\sawye\Code\media_organizer\step4 - ListandRemoveOrphanedJSON\orphaned_json_files.txt'
2025-04-20 21:24:38 - INFO - Output will be saved to: C:\Users\sawye\Code\media_organizer\step4 - ListandRemoveOrphanedJSON\orphaned_json_files.txt
2025-04-20 21:24:38 - INFO - Scanning 0 .json files for orphaned entries...
2025-04-20 21:24:38 - INFO - Found 0 orphaned JSON files.
2025-04-20 21:24:38 - INFO - Wrote orphaned JSON list to 'C:\Users\sawye\Code\media_organizer\step4 - ListandRemoveOrphanedJSON\orphaned_json_files.txt'
2025-04-20 21:25:48 - INFO - Output will be saved to: C:\Users\sawye\Code\media_organizer\step4 - ListandRemoveOrphanedJSON\orphaned_json_files.txt
2025-04-20 21:25:48 - INFO - Scanning 0 .json files for orphaned entries...
2025-04-20 21:25:48 - INFO - Found 0 orphaned JSON files.
2025-04-20 21:25:48 - INFO - Wrote orphaned JSON list to 'C:\Users\sawye\Code\media_organizer\step4 - ListandRemoveOrphanedJSON\orphaned_json_files.txt'
2025-04-20 21:27:11 - INFO - Output will be saved to: C:\Users\sawye\Code\media_organizer\step4 - ListandRemoveOrphanedJSON\orphaned_json_files.txt
2025-04-20 21:27:11 - INFO - Scanning 0 .json files for orphaned entries...
2025-04-20 21:27:11 - INFO - Found 0 orphaned JSON files.
2025-04-20 21:27:11 - INFO - Wrote orphaned JSON list to 'C:\Users\sawye\Code\media_organizer\step4 - ListandRemoveOrphanedJSON\orphaned_json_files.txt'
2025-04-20 21:27:30 - INFO - Output will be saved to: C:\Users\sawye\Code\media_organizer\step4 - ListandRemoveOrphanedJSON\orphaned_json_files.txt
2025-04-20 21:27:30 - INFO - Scanning 0 .json files for orphaned entries...
2025-04-20 21:27:30 - INFO - Found 0 orphaned JSON files.
2025-04-20 21:27:30 - INFO - Wrote orphaned JSON list to 'C:\Users\sawye\Code\media_organizer\step4 - ListandRemoveOrphanedJSON\orphaned_json_files.txt'
2025-04-20 21:28:39 - INFO - Output will be saved to: C:\Users\sawye\Code\media_organizer\step4 - ListandRemoveOrphanedJSON\orphaned_json_files.txt
2025-04-20 21:28:39 - INFO - Scanning 0 .json files for orphaned entries...
2025-04-20 21:28:39 - INFO - Found 0 orphaned JSON files.
2025-04-20 21:28:39 - INFO - Wrote orphaned JSON list to 'C:\Users\sawye\Code\media_organizer\step4 - ListandRemoveOrphanedJSON\orphaned_json_files.txt'
2025-04-20 21:29:16 - INFO - Output will be saved to: C:\Users\sawye\Code\media_organizer\step4 - ListandRemoveOrphanedJSON\orphaned_json_files.txt
2025-04-20 21:29:16 - INFO - Scanning 0 .json files for orphaned entries...
2025-04-20 21:29:16 - INFO - Found 0 orphaned JSON files.
2025-04-20 21:29:16 - INFO - Wrote orphaned JSON list to 'C:\Users\sawye\Code\media_organizer\step4 - ListandRemoveOrphanedJSON\orphaned_json_files.txt'
2025-04-20 21:30:48 - INFO - Output will be saved to: C:\Users\sawye\Code\media_organizer\step4 - ListandRemoveOrphanedJSON\orphaned_json_files.txt
2025-04-20 21:30:48 - INFO - Scanning 0 .json files for orphaned entries...
2025-04-20 21:30:48 - INFO - Found 0 orphaned JSON files.
2025-04-20 21:30:48 - INFO - Wrote orphaned JSON list to 'C:\Users\sawye\Code\media_organizer\step4 - ListandRemoveOrphanedJSON\orphaned_json_files.txt'
2025-04-21 07:15:37 - INFO - Output will be saved to: C:\Users\sawye\Code\media_organizer\step4 - ListandRemoveOrphanedJSON\orphaned_json_files.txt
2025-04-21 07:15:37 - INFO - Scanning 0 .json files for orphaned entries...
2025-04-21 07:15:37 - INFO - Found 0 orphaned JSON files.
2025-04-21 07:15:37 - INFO - Wrote orphaned JSON list to 'C:\Users\sawye\Code\media_organizer\step4 - ListandRemoveOrphanedJSON\orphaned_json_files.txt'
2025-04-21 07:18:07 - INFO - Output will be saved to: C:\Users\sawye\Code\media_organizer\step4 - ListandRemoveOrphanedJSON\orphaned_json_files.txt
2025-04-21 07:18:07 - INFO - Scanning 0 .json files for orphaned entries...
2025-04-21 07:18:07 - INFO - Found 0 orphaned JSON files.
2025-04-21 07:18:07 - INFO - Wrote orphaned JSON list to 'C:\Users\sawye\Code\media_organizer\step4 - ListandRemoveOrphanedJSON\orphaned_json_files.txt'
2025-04-21 07:19:16 - INFO - Output will be saved to: C:\Users\sawye\Code\media_organizer\step4 - ListandRemoveOrphanedJSON\orphaned_json_files.txt
2025-04-21 07:19:16 - INFO - Scanning 0 .json files for orphaned entries...
2025-04-21 07:19:16 - INFO - Found 0 orphaned JSON files.
2025-04-21 07:19:16 - INFO - Wrote orphaned JSON list to 'C:\Users\sawye\Code\media_organizer\step4 - ListandRemoveOrphanedJSON\orphaned_json_files.txt'
2025-04-21 07:22:31 - INFO - Output will be saved to: C:\Users\sawye\Code\media_organizer\step4 - ListandRemoveOrphanedJSON\orphaned_json_files.txt
2025-04-21 07:22:31 - INFO - Scanning 0 .json files for orphaned entries...
2025-04-21 07:22:31 - INFO - Found 0 orphaned JSON files.
2025-04-21 07:22:31 - INFO - Wrote orphaned JSON list to 'C:\Users\sawye\Code\media_organizer\step4 - ListandRemoveOrphanedJSON\orphaned_json_files.txt'
2025-04-21 07:25:45 - INFO - Output will be saved to: C:\Users\sawye\Code\media_organizer\step4 - ListandRemoveOrphanedJSON\orphaned_json_files.txt
2025-04-21 07:25:45 - INFO - Scanning 0 .json files for orphaned entries...
2025-04-21 07:25:45 - INFO - Found 0 orphaned JSON files.
2025-04-21 07:25:45 - INFO - Wrote orphaned JSON list to 'C:\Users\sawye\Code\media_organizer\step4 - ListandRemoveOrphanedJSON\orphaned_json_files.txt'
2025-04-21 07:27:12 - INFO - Output will be saved to: C:\Users\sawye\Code\media_organizer\step4 - ListandRemoveOrphanedJSON\orphaned_json_files.txt
2025-04-21 07:27:12 - INFO - Scanning 0 .json files for orphaned entries...
2025-04-21 07:27:12 - INFO - Found 0 orphaned JSON files.
2025-04-21 07:27:12 - INFO - Wrote orphaned JSON list to 'C:\Users\sawye\Code\media_organizer\step4 - ListandRemoveOrphanedJSON\orphaned_json_files.txt'
2025-04-21 07:27:42 - INFO - Output will be saved to: C:\Users\sawye\Code\media_organizer\step4 - ListandRemoveOrphanedJSON\orphaned_json_files.txt
2025-04-21 07:27:42 - INFO - Scanning 0 .json files for orphaned entries...
2025-04-21 07:27:42 - INFO - Found 0 orphaned JSON files.
2025-04-21 07:27:42 - INFO - Wrote orphaned JSON list to 'C:\Users\sawye\Code\media_organizer\step4 - ListandRemoveOrphanedJSON\orphaned_json_files.txt'
2025-04-21 07:28:29 - INFO - Output will be saved to: C:\Users\sawye\Code\media_organizer\step4 - ListandRemoveOrphanedJSON\orphaned_json_files.txt
2025-04-21 07:28:29 - INFO - Scanning 0 .json files for orphaned entries...
2025-04-21 07:28:29 - INFO - Found 0 orphaned JSON files.
2025-04-21 07:28:29 - INFO - Wrote orphaned JSON list to 'C:\Users\sawye\Code\media_organizer\step4 - ListandRemoveOrphanedJSON\orphaned_json_files.txt'
2025-04-21 07:29:09 - INFO - Output will be saved to: C:\Users\sawye\Code\media_organizer\step4 - ListandRemoveOrphanedJSON\orphaned_json_files.txt
2025-04-21 07:29:09 - INFO - Scanning 0 .json files for orphaned entries...
2025-04-21 07:29:09 - INFO - Found 0 orphaned JSON files.
2025-04-21 07:29:09 - INFO - Wrote orphaned JSON list to 'C:\Users\sawye\Code\media_organizer\step4 - ListandRemoveOrphanedJSON\orphaned_json_files.txt'
2025-04-21 07:29:35 - INFO - Output will be saved to: C:\Users\sawye\Code\media_organizer\step4 - ListandRemoveOrphanedJSON\orphaned_json_files.txt
2025-04-21 07:29:35 - INFO - Scanning 0 .json files for orphaned entries...
2025-04-21 07:29:35 - INFO - Found 0 orphaned JSON files.
2025-04-21 07:29:35 - INFO - Wrote orphaned JSON list to 'C:\Users\sawye\Code\media_organizer\step4 - ListandRemoveOrphanedJSON\orphaned_json_files.txt'
2025-04-21 07:31:39 - INFO - Output will be saved to: C:\Users\sawye\Code\media_organizer\step4 - ListandRemoveOrphanedJSON\orphaned_json_files.txt
2025-04-21 07:31:39 - INFO - Scanning 0 .json files for orphaned entries...
2025-04-21 07:31:39 - INFO - Found 0 orphaned JSON files.
2025-04-21 07:31:39 - INFO - Wrote orphaned JSON list to 'C:\Users\sawye\Code\media_organizer\step4 - ListandRemoveOrphanedJSON\orphaned_json_files.txt'
2025-04-21 07:35:38 - INFO - Output will be saved to: C:\Users\sawye\Code\media_organizer\step4 - ListandRemoveOrphanedJSON\orphaned_json_files.txt
2025-04-21 07:35:38 - INFO - Scanning 0 .json files for orphaned entries...
2025-04-21 07:35:38 - INFO - Found 0 orphaned JSON files.
2025-04-21 07:35:38 - INFO - Wrote orphaned JSON list to 'C:\Users\sawye\Code\media_organizer\step4 - ListandRemoveOrphanedJSON\orphaned_json_files.txt'
2025-04-21 07:38:19 - INFO - Output will be saved to: C:\Users\sawye\Code\media_organizer\step4 - ListandRemoveOrphanedJSON\orphaned_json_files.txt
2025-04-21 07:38:19 - INFO - Scanning 0 .json files for orphaned entries...
2025-04-21 07:38:19 - INFO - Found 0 orphaned JSON files.
2025-04-21 07:38:19 - INFO - Wrote orphaned JSON list to 'C:\Users\sawye\Code\media_organizer\step4 - ListandRemoveOrphanedJSON\orphaned_json_files.txt'
2025-04-21 07:39:56 - INFO - Output will be saved to: C:\Users\sawye\Code\media_organizer\step4 - ListandRemoveOrphanedJSON\orphaned_json_files.txt
2025-04-21 07:39:56 - INFO - Scanning 0 .json files for orphaned entries...
2025-04-21 07:39:57 - INFO - Found 0 orphaned JSON files.
2025-04-21 07:39:57 - INFO - Wrote orphaned JSON list to 'C:\Users\sawye\Code\media_organizer\step4 - ListandRemoveOrphanedJSON\orphaned_json_files.txt'
2025-04-21 07:40:35 - INFO - Output will be saved to: C:\Users\sawye\Code\media_organizer\step4 - ListandRemoveOrphanedJSON\orphaned_json_files.txt
2025-04-21 07:40:35 - INFO - Scanning 0 .json files for orphaned entries...
2025-04-21 07:40:35 - INFO - Found 0 orphaned JSON files.
2025-04-21 07:40:35 - INFO - Wrote orphaned JSON list to 'C:\Users\sawye\Code\media_organizer\step4 - ListandRemoveOrphanedJSON\orphaned_json_files.txt'
2025-04-21 07:44:33 - INFO - Output will be saved to: C:\Users\sawye\Code\media_organizer\step4 - ListandRemoveOrphanedJSON\orphaned_json_files.txt
2025-04-21 07:44:33 - INFO - Scanning 0 .json files for orphaned entries...
2025-04-21 07:44:33 - INFO - Found 0 orphaned JSON files.
2025-04-21 07:44:33 - INFO - Wrote orphaned JSON list to 'C:\Users\sawye\Code\media_organizer\step4 - ListandRemoveOrphanedJSON\orphaned_json_files.txt'
2025-04-21 07:54:59 - INFO - Output will be saved to: C:\Users\sawye\Code\media_organizer\step4 - ListandRemoveOrphanedJSON\orphaned_json_files.txt
2025-04-21 07:54:59 - INFO - Scanning 0 .json files for orphaned entries...
2025-04-21 07:54:59 - INFO - Found 0 orphaned JSON files.
2025-04-21 07:54:59 - INFO - Wrote orphaned JSON list to 'C:\Users\sawye\Code\media_organizer\step4 - ListandRemoveOrphanedJSON\orphaned_json_files.txt'
2025-04-21 07:55:50 - INFO - Output will be saved to: C:\Users\sawye\Code\media_organizer\step4 - ListandRemoveOrphanedJSON\orphaned_json_files.txt
2025-04-21 07:55:50 - INFO - Scanning 0 .json files for orphaned entries...
2025-04-21 07:55:50 - INFO - Found 0 orphaned JSON files.
2025-04-21 07:55:50 - INFO - Wrote orphaned JSON list to 'C:\Users\sawye\Code\media_organizer\step4 - ListandRemoveOrphanedJSON\orphaned_json_files.txt'
2025-04-21 07:57:27 - INFO - Output will be saved to: C:\Users\sawye\Code\media_organizer\step4 - ListandRemoveOrphanedJSON\orphaned_json_files.txt
2025-04-21 07:57:27 - INFO - Scanning 0 .json files for orphaned entries...
2025-04-21 07:57:27 - INFO - Found 0 orphaned JSON files.
2025-04-21 07:57:27 - INFO - Wrote orphaned JSON list to 'C:\Users\sawye\Code\media_organizer\step4 - ListandRemoveOrphanedJSON\orphaned_json_files.txt'
2025-04-21 07:59:31 - INFO - Output will be saved to: C:\Users\sawye\Code\media_organizer\step4 - ListandRemoveOrphanedJSON\orphaned_json_files.txt
2025-04-21 07:59:31 - INFO - Scanning 0 .json files for orphaned entries...
2025-04-21 07:59:31 - INFO - Found 0 orphaned JSON files.
2025-04-21 07:59:31 - INFO - Wrote orphaned JSON list to 'C:\Users\sawye\Code\media_organizer\step4 - ListandRemoveOrphanedJSON\orphaned_json_files.txt'
2025-04-21 08:00:02 - INFO - Output will be saved to: C:\Users\sawye\Code\media_organizer\step4 - ListandRemoveOrphanedJSON\orphaned_json_files.txt
2025-04-21 08:00:02 - INFO - Scanning 0 .json files for orphaned entries...
2025-04-21 08:00:02 - INFO - Found 0 orphaned JSON files.
2025-04-21 08:00:02 - INFO - Wrote orphaned JSON list to 'C:\Users\sawye\Code\media_organizer\step4 - ListandRemoveOrphanedJSON\orphaned_json_files.txt'
2025-04-21 08:00:34 - INFO - Output will be saved to: C:\Users\sawye\Code\media_organizer\step4 - ListandRemoveOrphanedJSON\orphaned_json_files.txt
2025-04-21 08:00:34 - INFO - Scanning 0 .json files for orphaned entries...
2025-04-21 08:00:34 - INFO - Found 0 orphaned JSON files.
2025-04-21 08:00:34 - INFO - Wrote orphaned JSON list to 'C:\Users\sawye\Code\media_organizer\step4 - ListandRemoveOrphanedJSON\orphaned_json_files.txt'
2025-04-21 10:22:56 - INFO - Output will be saved to: C:\Users\sawye\Code\media_organizer\step4 - ListandRemoveOrphanedJSON\orphaned_json_files.txt
2025-04-21 10:22:56 - INFO - Scanning 0 .json files for orphaned entries...
2025-04-21 10:22:56 - INFO - Found 0 orphaned JSON files.
2025-04-21 10:22:56 - INFO - Wrote orphaned JSON list to 'C:\Users\sawye\Code\media_organizer\step4 - ListandRemoveOrphanedJSON\orphaned_json_files.txt'
2025-04-21 10:25:57 - INFO - Output will be saved to: C:\Users\sawye\Code\media_organizer\step4 - ListandRemoveOrphanedJSON\orphaned_json_files.txt
2025-04-21 10:25:57 - INFO - Scanning 0 .json files for orphaned entries...
2025-04-21 10:25:57 - INFO - Found 0 orphaned JSON files.
2025-04-21 10:25:57 - INFO - Wrote orphaned JSON list to 'C:\Users\sawye\Code\media_organizer\step4 - ListandRemoveOrphanedJSON\orphaned_json_files.txt'
2025-04-21 10:29:10 - INFO - Output will be saved to: C:\Users\sawye\Code\media_organizer\step4 - ListandRemoveOrphanedJSON\orphaned_json_files.txt
2025-04-21 10:29:10 - INFO - Scanning 0 .json files for orphaned entries...
2025-04-21 10:29:10 - INFO - Found 0 orphaned JSON files.
2025-04-21 10:29:10 - INFO - Wrote orphaned JSON list to 'C:\Users\sawye\Code\media_organizer\step4 - ListandRemoveOrphanedJSON\orphaned_json_files.txt'
2025-04-21 10:29:47 - INFO - Output will be saved to: C:\Users\sawye\Code\media_organizer\step4 - ListandRemoveOrphanedJSON\orphaned_json_files.txt
2025-04-21 10:29:48 - INFO - Scanning 0 .json files for orphaned entries...
2025-04-21 10:29:48 - INFO - Found 0 orphaned JSON files.
2025-04-21 10:29:48 - INFO - Wrote orphaned JSON list to 'C:\Users\sawye\Code\media_organizer\step4 - ListandRemoveOrphanedJSON\orphaned_json_files.txt'
2025-04-21 10:30:46 - INFO - Output will be saved to: C:\Users\sawye\Code\media_organizer\step4 - ListandRemoveOrphanedJSON\orphaned_json_files.txt
2025-04-21 10:30:46 - INFO - Scanning 0 .json files for orphaned entries...
2025-04-21 10:30:46 - INFO - Found 0 orphaned JSON files.
2025-04-21 10:30:47 - INFO - Wrote orphaned JSON list to 'C:\Users\sawye\Code\media_organizer\step4 - ListandRemoveOrphanedJSON\orphaned_json_files.txt'
2025-04-21 10:31:41 - INFO - Output will be saved to: C:\Users\sawye\Code\media_organizer\step4 - ListandRemoveOrphanedJSON\orphaned_json_files.txt
2025-04-21 10:31:41 - INFO - Scanning 0 .json files for orphaned entries...
2025-04-21 10:31:41 - INFO - Found 0 orphaned JSON files.
2025-04-21 10:31:41 - INFO - Wrote orphaned JSON list to 'C:\Users\sawye\Code\media_organizer\step4 - ListandRemoveOrphanedJSON\orphaned_json_files.txt'
2025-04-21 10:32:20 - INFO - Output will be saved to: C:\Users\sawye\Code\media_organizer\step4 - ListandRemoveOrphanedJSON\orphaned_json_files.txt
2025-04-21 10:32:20 - INFO - Scanning 0 .json files for orphaned entries...
2025-04-21 10:32:20 - INFO - Found 0 orphaned JSON files.
2025-04-21 10:32:21 - INFO - Wrote orphaned JSON list to 'C:\Users\sawye\Code\media_organizer\step4 - ListandRemoveOrphanedJSON\orphaned_json_files.txt'
2025-04-21 10:41:05 - INFO - Output will be saved to: C:\Users\sawye\Code\media_organizer\step4 - ListandRemoveOrphanedJSON\orphaned_json_files.txt
2025-04-21 10:41:05 - INFO - Scanning 0 .json files for orphaned entries...
2025-04-21 10:41:05 - INFO - Found 0 orphaned JSON files.
2025-04-21 10:41:05 - INFO - Wrote orphaned JSON list to 'C:\Users\sawye\Code\media_organizer\step4 - ListandRemoveOrphanedJSON\orphaned_json_files.txt'
2025-04-21 10:42:09 - INFO - Output will be saved to: C:\Users\sawye\Code\media_organizer\step4 - ListandRemoveOrphanedJSON\orphaned_json_files.txt
2025-04-21 10:42:09 - INFO - Scanning 0 .json files for orphaned entries...
2025-04-21 10:42:09 - INFO - Found 0 orphaned JSON files.
2025-04-21 10:42:09 - INFO - Wrote orphaned JSON list to 'C:\Users\sawye\Code\media_organizer\step4 - ListandRemoveOrphanedJSON\orphaned_json_files.txt'
2025-04-21 10:42:33 - INFO - Output will be saved to: C:\Users\sawye\Code\media_organizer\step4 - ListandRemoveOrphanedJSON\orphaned_json_files.txt
2025-04-21 10:42:33 - INFO - Scanning 0 .json files for orphaned entries...
2025-04-21 10:42:33 - INFO - Found 0 orphaned JSON files.
2025-04-21 10:42:33 - INFO - Wrote orphaned JSON list to 'C:\Users\sawye\Code\media_organizer\step4 - ListandRemoveOrphanedJSON\orphaned_json_files.txt'
2025-04-21 10:42:52 - INFO - Output will be saved to: C:\Users\sawye\Code\media_organizer\step4 - ListandRemoveOrphanedJSON\orphaned_json_files.txt
2025-04-21 10:42:52 - INFO - Scanning 0 .json files for orphaned entries...
2025-04-21 10:42:52 - INFO - Found 0 orphaned JSON files.
2025-04-21 10:42:52 - INFO - Wrote orphaned JSON list to 'C:\Users\sawye\Code\media_organizer\step4 - ListandRemoveOrphanedJSON\orphaned_json_files.txt'
2025-04-21 10:43:58 - INFO - Output will be saved to: C:\Users\sawye\Code\media_organizer\step4 - ListandRemoveOrphanedJSON\orphaned_json_files.txt
2025-04-21 10:43:58 - INFO - Scanning 0 .json files for orphaned entries...
2025-04-21 10:43:58 - INFO - Found 0 orphaned JSON files.
2025-04-21 10:43:58 - INFO - Wrote orphaned JSON list to 'C:\Users\sawye\Code\media_organizer\step4 - ListandRemoveOrphanedJSON\orphaned_json_files.txt'
2025-04-21 10:47:24 - INFO - Output will be saved to: C:\Users\sawye\Code\media_organizer\step4 - ListandRemoveOrphanedJSON\orphaned_json_files.txt
2025-04-21 10:47:24 - INFO - Scanning 0 .json files for orphaned entries...
2025-04-21 10:47:24 - INFO - Found 0 orphaned JSON files.
2025-04-21 10:47:24 - INFO - Wrote orphaned JSON list to 'C:\Users\sawye\Code\media_organizer\step4 - ListandRemoveOrphanedJSON\orphaned_json_files.txt'
2025-04-21 10:47:44 - INFO - Output will be saved to: C:\Users\sawye\Code\media_organizer\step4 - ListandRemoveOrphanedJSON\orphaned_json_files.txt
2025-04-21 10:47:44 - INFO - Scanning 0 .json files for orphaned entries...
2025-04-21 10:47:44 - INFO - Found 0 orphaned JSON files.
2025-04-21 10:47:44 - INFO - Wrote orphaned JSON list to 'C:\Users\sawye\Code\media_organizer\step4 - ListandRemoveOrphanedJSON\orphaned_json_files.txt'
2025-04-21 10:49:16 - INFO - Output will be saved to: C:\Users\sawye\Code\media_organizer\step4 - ListandRemoveOrphanedJSON\orphaned_json_files.txt
2025-04-21 10:49:16 - INFO - Scanning 0 .json files for orphaned entries...
2025-04-21 10:49:16 - INFO - Found 0 orphaned JSON files.
2025-04-21 10:49:16 - INFO - Wrote orphaned JSON list to 'C:\Users\sawye\Code\media_organizer\step4 - ListandRemoveOrphanedJSON\orphaned_json_files.txt'
2025-04-21 10:50:38 - INFO - Output will be saved to: C:\Users\sawye\Code\media_organizer\step4 - ListandRemoveOrphanedJSON\orphaned_json_files.txt
2025-04-21 10:50:38 - INFO - Scanning 0 .json files for orphaned entries...
2025-04-21 10:50:38 - INFO - Found 0 orphaned JSON files.
2025-04-21 10:50:38 - INFO - Wrote orphaned JSON list to 'C:\Users\sawye\Code\media_organizer\step4 - ListandRemoveOrphanedJSON\orphaned_json_files.txt'
2025-04-21 10:52:49 - INFO - Output will be saved to: C:\Users\sawye\Code\media_organizer\step4 - ListandRemoveOrphanedJSON\orphaned_json_files.txt
2025-04-21 10:52:49 - INFO - Scanning 0 .json files for orphaned entries...
2025-04-21 10:52:49 - INFO - Found 0 orphaned JSON files.
2025-04-21 10:52:49 - INFO - Wrote orphaned JSON list to 'C:\Users\sawye\Code\media_organizer\step4 - ListandRemoveOrphanedJSON\orphaned_json_files.txt'
2025-04-21 10:58:09 - INFO - Output will be saved to: C:\Users\sawye\Code\media_organizer\step4 - ListandRemoveOrphanedJSON\orphaned_json_files.txt
2025-04-21 10:58:09 - INFO - Scanning 0 .json files for orphaned entries...
2025-04-21 10:58:09 - INFO - Found 0 orphaned JSON files.
2025-04-21 10:58:09 - INFO - Wrote orphaned JSON list to 'C:\Users\sawye\Code\media_organizer\step4 - ListandRemoveOrphanedJSON\orphaned_json_files.txt'
2025-04-21 10:58:25 - INFO - Output will be saved to: C:\Users\sawye\Code\media_organizer\step4 - ListandRemoveOrphanedJSON\orphaned_json_files.txt
2025-04-21 10:58:25 - INFO - Scanning 0 .json files for orphaned entries...
2025-04-21 10:58:25 - INFO - Found 0 orphaned JSON files.
2025-04-21 10:58:25 - INFO - Wrote orphaned JSON list to 'C:\Users\sawye\Code\media_organizer\step4 - ListandRemoveOrphanedJSON\orphaned_json_files.txt'
2025-04-21 10:59:34 - INFO - Output will be saved to: C:\Users\sawye\Code\media_organizer\step4 - ListandRemoveOrphanedJSON\orphaned_json_files.txt
2025-04-21 10:59:34 - INFO - Scanning 0 .json files for orphaned entries...
2025-04-21 10:59:34 - INFO - Found 0 orphaned JSON files.
2025-04-21 10:59:34 - INFO - Wrote orphaned JSON list to 'C:\Users\sawye\Code\media_organizer\step4 - ListandRemoveOrphanedJSON\orphaned_json_files.txt'
2025-04-21 11:00:08 - INFO - Output will be saved to: C:\Users\sawye\Code\media_organizer\step4 - ListandRemoveOrphanedJSON\orphaned_json_files.txt
2025-04-21 11:00:08 - INFO - Scanning 0 .json files for orphaned entries...
2025-04-21 11:00:08 - INFO - Found 0 orphaned JSON files.
2025-04-21 11:00:08 - INFO - Wrote orphaned JSON list to 'C:\Users\sawye\Code\media_organizer\step4 - ListandRemoveOrphanedJSON\orphaned_json_files.txt'
2025-04-21 11:00:18 - INFO - Output will be saved to: C:\Users\sawye\Code\media_organizer\step4 - ListandRemoveOrphanedJSON\orphaned_json_files.txt
2025-04-21 11:00:18 - INFO - Scanning 0 .json files for orphaned entries...
2025-04-21 11:00:18 - INFO - Found 0 orphaned JSON files.
2025-04-21 11:00:18 - INFO - Wrote orphaned JSON list to 'C:\Users\sawye\Code\media_organizer\step4 - ListandRemoveOrphanedJSON\orphaned_json_files.txt'
2025-04-21 11:00:26 - INFO - Output will be saved to: C:\Users\sawye\Code\media_organizer\step4 - ListandRemoveOrphanedJSON\orphaned_json_files.txt
2025-04-21 11:00:26 - INFO - Scanning 0 .json files for orphaned entries...
2025-04-21 11:00:26 - INFO - Found 0 orphaned JSON files.
2025-04-21 11:00:26 - INFO - Wrote orphaned JSON list to 'C:\Users\sawye\Code\media_organizer\step4 - ListandRemoveOrphanedJSON\orphaned_json_files.txt'
2025-04-21 11:00:35 - INFO - Output will be saved to: C:\Users\sawye\Code\media_organizer\step4 - ListandRemoveOrphanedJSON\orphaned_json_files.txt
2025-04-21 11:00:35 - INFO - Scanning 0 .json files for orphaned entries...
2025-04-21 11:00:35 - INFO - Found 0 orphaned JSON files.
2025-04-21 11:00:35 - INFO - Wrote orphaned JSON list to 'C:\Users\sawye\Code\media_organizer\step4 - ListandRemoveOrphanedJSON\orphaned_json_files.txt'
2025-04-21 11:00:49 - INFO - Output will be saved to: C:\Users\sawye\Code\media_organizer\step4 - ListandRemoveOrphanedJSON\orphaned_json_files.txt
2025-04-21 11:00:49 - INFO - Scanning 0 .json files for orphaned entries...
2025-04-21 11:00:50 - INFO - Found 0 orphaned JSON files.
2025-04-21 11:00:50 - INFO - Wrote orphaned JSON list to 'C:\Users\sawye\Code\media_organizer\step4 - ListandRemoveOrphanedJSON\orphaned_json_files.txt'
2025-04-21 11:01:26 - INFO - Output will be saved to: C:\Users\sawye\Code\media_organizer\step4 - ListandRemoveOrphanedJSON\orphaned_json_files.txt
2025-04-21 11:01:26 - INFO - Scanning 0 .json files for orphaned entries...
2025-04-21 11:01:26 - INFO - Found 0 orphaned JSON files.
2025-04-21 11:01:26 - INFO - Wrote orphaned JSON list to 'C:\Users\sawye\Code\media_organizer\step4 - ListandRemoveOrphanedJSON\orphaned_json_files.txt'
2025-04-21 11:01:42 - INFO - Output will be saved to: C:\Users\sawye\Code\media_organizer\step4 - ListandRemoveOrphanedJSON\orphaned_json_files.txt
2025-04-21 11:01:42 - INFO - Scanning 0 .json files for orphaned entries...
2025-04-21 11:01:42 - INFO - Found 0 orphaned JSON files.
2025-04-21 11:01:42 - INFO - Wrote orphaned JSON list to 'C:\Users\sawye\Code\media_organizer\step4 - ListandRemoveOrphanedJSON\orphaned_json_files.txt'
2025-04-21 11:02:12 - INFO - Output will be saved to: C:\Users\sawye\Code\media_organizer\step4 - ListandRemoveOrphanedJSON\orphaned_json_files.txt
2025-04-21 11:02:12 - INFO - Scanning 0 .json files for orphaned entries...
2025-04-21 11:02:12 - INFO - Found 0 orphaned JSON files.
2025-04-21 11:02:12 - INFO - Wrote orphaned JSON list to 'C:\Users\sawye\Code\media_organizer\step4 - ListandRemoveOrphanedJSON\orphaned_json_files.txt'
2025-04-21 11:04:41 - INFO - Output will be saved to: C:\Users\sawye\Code\media_organizer\step4 - ListandRemoveOrphanedJSON\orphaned_json_files.txt
2025-04-21 11:04:41 - INFO - Scanning 0 .json files for orphaned entries...
2025-04-21 11:04:42 - INFO - Found 0 orphaned JSON files.
2025-04-21 11:04:42 - INFO - Wrote orphaned JSON list to 'C:\Users\sawye\Code\media_organizer\step4 - ListandRemoveOrphanedJSON\orphaned_json_files.txt'
2025-04-21 11:05:18 - INFO - Output will be saved to: C:\Users\sawye\Code\media_organizer\step4 - ListandRemoveOrphanedJSON\orphaned_json_files.txt
2025-04-21 11:05:18 - INFO - Scanning 0 .json files for orphaned entries...
2025-04-21 11:05:19 - INFO - Found 0 orphaned JSON files.
2025-04-21 11:05:19 - INFO - Wrote orphaned JSON list to 'C:\Users\sawye\Code\media_organizer\step4 - ListandRemoveOrphanedJSON\orphaned_json_files.txt'
2025-04-21 12:57:04 - INFO - Output will be saved to: C:\Users\sawye\Code\media_organizer\step4 - ListandRemoveOrphanedJSON\orphaned_json_files.txt
2025-04-21 12:57:04 - INFO - Scanning 0 .json files for orphaned entries...
2025-04-21 12:57:04 - INFO - Found 0 orphaned JSON files.
2025-04-21 12:57:04 - INFO - Wrote orphaned JSON list to 'C:\Users\sawye\Code\media_organizer\step4 - ListandRemoveOrphanedJSON\orphaned_json_files.txt'
